<?xml version="1.0" encoding="utf-8"?><testsuites name="pytest tests"><testsuite name="pytest" errors="0" failures="0" skipped="0" tests="12" time="4.097" timestamp="2026-07-23T00:48:12.792794+00:00" hostname="agent-env-e28e105d-bedd-45c6-bad8-782f1d891e1a"><testcase classname="tests.test_assignments.TestCreateAssignment" name="test_requires_admin_pw" time="0.369" /><testcase classname="tests.test_assignments.TestCreateAssignment" name="test_wrong_admin_pw" time="0.203" /><testcase classname="tests.test_assignments.TestCreateAssignment" name="test_404_unknown_cleaner" time="0.148" /><testcase classname="tests.test_assignments.TestCreateAssignment" name="test_create_snapshots_cleaner_name_and_status" time="0.318" /><testcase classname="tests.test_assignments.TestCreateAssignment" name="test_re_assign_same_quote_replaces" time="0.421" /><testcase classname="tests.test_assignments.TestListAndDeleteAssignment" name="test_list_requires_admin" time="0.046" /><testcase classname="tests.test_assignments.TestListAndDeleteAssignment" name="test_list_and_delete_flow" time="0.614" /><testcase classname="tests.test_assignments.TestCleanerJobs" name="test_wrong_pin_401" time="0.198" /><testcase classname="tests.test_assignments.TestCleanerJobs" name="test_returns_only_assigned_status" time="0.614" /><testcase classname="tests.test_assignments.TestCompleteAssignment" name="test_wrong_pin_401" time="0.371" /><testcase classname="tests.test_assignments.TestCompleteAssignment" name="test_wrong_cleaner_id_404" time="0.365" /><testcase classname="tests.test_assignments.TestCleanerCascade" name="test_delete_cleaner_removes_assignments" time="0.359" /></testsuite></testsuites>