<?xml version="1.0" encoding="utf-8"?><testsuites name="pytest tests"><testsuite name="pytest" errors="0" failures="0" skipped="0" tests="12" time="4.628" timestamp="2026-07-23T01:21:19.570116+00:00" hostname="agent-env-e28e105d-bedd-45c6-bad8-782f1d891e1a"><testcase classname="tests.test_admin_password_and_leads.TestLeadsProxy" name="test_requires_admin" time="0.242" /><testcase classname="tests.test_admin_password_and_leads.TestLeadsProxy" name="test_wrong_pw_401" time="0.160" /><testcase classname="tests.test_admin_password_and_leads.TestLeadsProxy" name="test_returns_list_of_leads" time="0.433" /><testcase classname="tests.test_admin_password_and_leads.TestAdminPasswordChange" name="test_requires_current_pw" time="0.161" /><testcase classname="tests.test_admin_password_and_leads.TestAdminPasswordChange" name="test_wrong_current_pw" time="0.144" /><testcase classname="tests.test_admin_password_and_leads.TestAdminPasswordChange" name="test_too_short" time="0.141" /><testcase classname="tests.test_admin_password_and_leads.TestAdminPasswordChange" name="test_change_and_login_lifecycle" time="0.598" /><testcase classname="tests.test_admin_password_and_leads.TestAssignmentStatus" name="test_invalid_status_400" time="0.479" /><testcase classname="tests.test_admin_password_and_leads.TestAssignmentStatus" name="test_wrong_cleaner_id_404" time="0.565" /><testcase classname="tests.test_admin_password_and_leads.TestAssignmentStatus" name="test_on_the_way_and_cleaning_keep_job_visible" time="0.629" /><testcase classname="tests.test_admin_password_and_leads.TestAssignmentStatus" name="test_done_removes_from_cleaner_jobs_and_sets_completed_at" time="0.521" /><testcase classname="tests.test_admin_password_and_leads.TestAssignmentStatus" name="test_legacy_done_endpoint_still_works" time="0.486" /></testsuite></testsuites>