<?xml version="1.0" encoding="utf-8"?><testsuites name="pytest tests"><testsuite name="pytest" errors="0" failures="0" skipped="0" tests="68" time="59.515" timestamp="2026-07-23T00:32:42.394698+00:00" hostname="agent-env-e28e105d-bedd-45c6-bad8-782f1d891e1a"><testcase classname="tests.backend_test.TestHealth" name="test_root" time="0.165" /><testcase classname="tests.backend_test.TestCreateQuote" name="test_create_quote_minimum_required" time="0.064" /><testcase classname="tests.backend_test.TestCreateQuote" name="test_create_quote_full" time="0.054" /><testcase classname="tests.backend_test.TestCreateQuote" name="test_create_quote_bedrooms_bathrooms_persist" time="0.190" /><testcase classname="tests.backend_test.TestCreateQuote" name="test_create_quote_missing_required_fails" time="0.055" /><testcase classname="tests.backend_test.TestListQuotesAuth" name="test_get_quotes_no_header" time="0.102" /><testcase classname="tests.backend_test.TestListQuotesAuth" name="test_get_quotes_wrong_password" time="0.110" /><testcase classname="tests.backend_test.TestListQuotesAuth" name="test_get_quotes_correct_password_returns_list" time="0.130" /><testcase classname="tests.backend_test.TestAdminLogin" name="test_admin_login_correct" time="0.099" /><testcase classname="tests.backend_test.TestAdminLogin" name="test_admin_login_wrong" time="0.100" /><testcase classname="tests.backend_test" name="test_zz_cleanup_test_leads" time="0.111" /><testcase classname="tests.test_app_settings_and_pwa.TestAppSettingsGet" name="test_get_returns_defaults_and_computed_fields" time="0.095" /><testcase classname="tests.test_app_settings_and_pwa.TestAppSettingsPut" name="test_put_no_password_401" time="0.099" /><testcase classname="tests.test_app_settings_and_pwa.TestAppSettingsPut" name="test_put_wrong_password_401" time="0.100" /><testcase classname="tests.test_app_settings_and_pwa.TestAppSettingsPut" name="test_put_update_then_restore" time="0.318" /><testcase classname="tests.test_app_settings_and_pwa.TestAppSettingsPut" name="test_put_hours_update_then_restore" time="0.229" /><testcase classname="tests.test_app_settings_and_pwa.TestAppSettingsLogo" name="test_logo_upload_and_reset" time="1.041" /><testcase classname="tests.test_app_settings_and_pwa.TestAppSettingsLogo" name="test_logo_upload_wrong_password" time="0.152" /><testcase classname="tests.test_app_settings_and_pwa.TestAppSettingsLogo" name="test_logo_delete_wrong_password" time="0.095" /><testcase classname="tests.test_app_settings_and_pwa.TestAppImageFit" name="test_get_includes_fit_field_default_cover" time="0.110" /><testcase classname="tests.test_app_settings_and_pwa.TestAppImageFit" name="test_patch_fit_wrong_password_401" time="0.199" /><testcase classname="tests.test_app_settings_and_pwa.TestAppImageFit" name="test_patch_fit_invalid_value_400" time="0.220" /><testcase classname="tests.test_app_settings_and_pwa.TestAppImageFit" name="test_patch_fit_toggle_and_restore" time="0.404" /><testcase classname="tests.test_app_settings_and_pwa.TestPWA" name="test_manifest_json" time="0.112" /><testcase classname="tests.test_app_settings_and_pwa.TestPWA" name="test_service_worker" time="0.094" /><testcase classname="tests.test_app_settings_and_pwa.TestPWA" name="test_icons[/icons/icon-192.png]" time="0.109" /><testcase classname="tests.test_app_settings_and_pwa.TestPWA" name="test_icons[/icons/icon-512.png]" time="0.137" /><testcase classname="tests.test_app_settings_and_pwa.TestPWA" name="test_icons[/icons/icon-maskable-512.png]" time="0.131" /><testcase classname="tests.test_app_settings_and_pwa.TestPWA" name="test_icons[/icons/apple-touch-icon.png]" time="0.102" /><testcase classname="tests.test_app_settings_and_pwa.TestPWA" name="test_index_html_has_pwa_tags" time="0.619" /><testcase classname="tests.test_cleaner_tracking.TestStaffPin" name="test_get_pin_requires_admin" time="0.162" /><testcase classname="tests.test_cleaner_tracking.TestStaffPin" name="test_get_pin_wrong_admin" time="0.102" /><testcase classname="tests.test_cleaner_tracking.TestStaffPin" name="test_get_pin_ok" time="0.121" /><testcase classname="tests.test_cleaner_tracking.TestStaffPin" name="test_put_pin_rejects_non_digits" time="0.099" /><testcase classname="tests.test_cleaner_tracking.TestStaffPin" name="test_put_pin_rejects_short" time="0.100" /><testcase classname="tests.test_cleaner_tracking.TestStaffPin" name="test_put_pin_rejects_long" time="0.099" /><testcase classname="tests.test_cleaner_tracking.TestStaffPin" name="test_put_pin_requires_admin" time="0.104" /><testcase classname="tests.test_cleaner_tracking.TestStaffPin" name="test_put_pin_updates_and_old_pin_rejected_then_restore" time="0.503" /><testcase classname="tests.test_cleaner_tracking.TestCleanerCheckin" name="test_checkin_ok" time="0.099" /><testcase classname="tests.test_cleaner_tracking.TestCleanerCheckin" name="test_checkin_wrong_pin" time="0.099" /><testcase classname="tests.test_cleaner_tracking.TestCleanerCheckin" name="test_checkin_empty_name" time="0.103" /><testcase classname="tests.test_cleaner_tracking.TestCleanerCheckin" name="test_checkin_dedupe_same_name" time="0.207" /><testcase classname="tests.test_cleaner_tracking.TestCleanerLocation" name="test_location_ok_sets_sharing_true" time="0.325" /><testcase classname="tests.test_cleaner_tracking.TestCleanerLocation" name="test_location_wrong_pin" time="0.106" /><testcase classname="tests.test_cleaner_tracking.TestCleanerLocation" name="test_location_unknown_cleaner" time="0.109" /><testcase classname="tests.test_cleaner_tracking.TestCleanerLocation" name="test_stop_sets_sharing_false" time="10.441" /><testcase classname="tests.test_cleaner_tracking.TestCleanerAdmin" name="test_list_requires_admin" time="10.228" /><testcase classname="tests.test_cleaner_tracking.TestCleanerAdmin" name="test_list_returns_expected_shape" time="0.191" /><testcase classname="tests.test_cleaner_tracking.TestCleanerAdmin" name="test_delete_requires_admin" time="10.472" /><testcase classname="tests.test_cleaner_tracking.TestCleanerAdmin" name="test_delete_unknown_returns_404" time="11.684" /><testcase classname="tests.test_site_images.TestGetSiteImages" name="test_get_public_no_auth" time="0.126" /><testcase classname="tests.test_site_images.TestGetSiteImages" name="test_seeded_gallery_labels_present" time="0.094" /><testcase classname="tests.test_site_images.TestGetSiteImages" name="test_why_section_seeded" time="0.106" /><testcase classname="tests.test_site_images.TestUploadAuth" name="test_upload_requires_admin_header" time="0.110" /><testcase classname="tests.test_site_images.TestUploadAuth" name="test_upload_wrong_password" time="0.194" /><testcase classname="tests.test_site_images.TestUploadAuth" name="test_upload_rejects_non_image" time="0.106" /><testcase classname="tests.test_site_images.TestUploadAuth" name="test_upload_rejects_bad_section" time="0.236" /><testcase classname="tests.test_site_images.TestGalleryUploadAndDelete" name="test_upload_then_get_then_delete" time="1.670" /><testcase classname="tests.test_site_images.TestGalleryUploadAndDelete" name="test_delete_unknown_id_returns_404" time="0.097" /><testcase classname="tests.test_site_images.TestHeroReplace" name="test_hero_upload_replaces_previous" time="2.381" /><testcase classname="tests.test_site_images.TestWhyReplace" name="test_why_upload_replaces_previous_and_restore" time="2.071" /><testcase classname="tests.test_site_images.TestReorder" name="test_reorder_requires_admin" time="0.113" /><testcase classname="tests.test_site_images.TestReorder" name="test_reorder_wrong_password" time="0.102" /><testcase classname="tests.test_site_images.TestReorder" name="test_reorder_reverses_and_restores" time="0.568" /><testcase classname="tests.test_site_images.TestReorder" name="test_reorder_ignores_hero_or_bogus_ids" time="0.314" /><testcase classname="tests.test_site_images.TestQuoteRegression" name="test_create_quote_still_works" time="0.096" /><testcase classname="tests.test_site_images.TestQuoteRegression" name="test_wrong_admin_password_still_401" time="0.094" /><testcase classname="tests.test_site_images" name="test_zz_cleanup" time="0.001" /></testsuite></testsuites>