<?xml version="1.0" encoding="utf-8"?><testsuites name="pytest tests"><testsuite name="pytest" errors="0" failures="0" skipped="0" tests="12" time="3.632" timestamp="2026-07-05T23:07:33.073182+00:00" hostname="agent-env-d9544a13-3763-484e-af8b-c2aeb0746511"><testcase classname="tests.test_site_images.TestGetSiteImages" name="test_get_public_no_auth" time="0.259" /><testcase classname="tests.test_site_images.TestUploadAuth" name="test_upload_requires_admin_header" time="0.258" /><testcase classname="tests.test_site_images.TestUploadAuth" name="test_upload_wrong_password" time="0.100" /><testcase classname="tests.test_site_images.TestGetSiteImages" name="test_seeded_gallery_labels_present" time="0.176" /><testcase classname="tests.test_site_images.TestUploadAuth" name="test_upload_rejects_non_image" time="0.126" /><testcase classname="tests.test_site_images.TestGalleryUploadAndDelete" name="test_upload_then_get_then_delete" time="1.370" /><testcase classname="tests.test_site_images.TestUploadAuth" name="test_upload_rejects_bad_section" time="0.098" /><testcase classname="tests.test_site_images.TestQuoteRegression" name="test_create_quote_still_works" time="0.694" /><testcase classname="tests.test_site_images.TestQuoteRegression" name="test_wrong_admin_password_still_401" time="0.225" /><testcase classname="tests.test_site_images" name="test_zz_cleanup" time="0.000" /><testcase classname="tests.test_site_images.TestGalleryUploadAndDelete" name="test_delete_unknown_id_returns_404" time="0.134" /><testcase classname="tests.test_site_images.TestHeroReplace" name="test_hero_upload_replaces_previous" time="0.765" /></testsuite></testsuites>