<?xml version="1.0" encoding="utf-8"?><testsuites name="pytest tests"><testsuite name="pytest" errors="0" failures="0" skipped="0" tests="11" time="1.837" timestamp="2026-07-05T23:07:41.503016+00:00" hostname="agent-env-d9544a13-3763-484e-af8b-c2aeb0746511"><testcase classname="tests.backend_test.TestListQuotesAuth" name="test_get_quotes_no_header" time="0.373" /><testcase classname="tests.backend_test.TestCreateQuote" name="test_create_quote_minimum_required" time="0.368" /><testcase classname="tests.backend_test.TestCreateQuote" name="test_create_quote_full" time="0.309" /><testcase classname="tests.backend_test.TestListQuotesAuth" name="test_get_quotes_wrong_password" time="0.308" /><testcase classname="tests.backend_test.TestCreateQuote" name="test_create_quote_bedrooms_bathrooms_persist" time="0.447" /><testcase classname="tests.backend_test.TestListQuotesAuth" name="test_get_quotes_correct_password_returns_list" time="0.300" /><testcase classname="tests.backend_test.TestAdminLogin" name="test_admin_login_correct" time="0.097" /><testcase classname="tests.backend_test.TestAdminLogin" name="test_admin_login_wrong" time="0.100" /><testcase classname="tests.backend_test.TestCreateQuote" name="test_create_quote_missing_required_fails" time="0.049" /><testcase classname="tests.backend_test.TestHealth" name="test_root" time="0.042" /><testcase classname="tests.backend_test" name="test_zz_cleanup_test_leads" time="0.097" /></testsuite></testsuites>