<?xml version="1.0" encoding="utf-8"?><testsuites name="pytest tests"><testsuite name="pytest" errors="0" failures="0" skipped="0" tests="29" time="5.405" timestamp="2026-07-05T23:45:53.771750+00:00" hostname="agent-env-d9544a13-3763-484e-af8b-c2aeb0746511"><testcase classname="tests.test_site_images.TestUploadAuth" name="test_upload_requires_admin_header" time="0.127" /><testcase classname="tests.backend_test.TestCreateQuote" name="test_create_quote_minimum_required" time="0.456" /><testcase classname="tests.test_site_images.TestUploadAuth" name="test_upload_wrong_password" time="0.286" /><testcase classname="tests.test_site_images.TestUploadAuth" name="test_upload_rejects_non_image" time="0.332" /><testcase classname="tests.backend_test.TestCreateQuote" name="test_create_quote_full" time="0.288" /><testcase classname="tests.backend_test.TestCreateQuote" name="test_create_quote_bedrooms_bathrooms_persist" time="0.394" /><testcase classname="tests.test_site_images.TestUploadAuth" name="test_upload_rejects_bad_section" time="0.279" /><testcase classname="tests.test_site_images.TestReorder" name="test_reorder_requires_admin" time="0.099" /><testcase classname="tests.test_site_images.TestReorder" name="test_reorder_wrong_password" time="0.142" /><testcase classname="tests.backend_test.TestCreateQuote" name="test_create_quote_missing_required_fails" time="0.046" /><testcase classname="tests.backend_test.TestListQuotesAuth" name="test_get_quotes_no_header" time="0.102" /><testcase classname="tests.test_site_images.TestReorder" name="test_reorder_reverses_and_restores" time="0.507" /><testcase classname="tests.backend_test.TestListQuotesAuth" name="test_get_quotes_wrong_password" time="0.203" /><testcase classname="tests.backend_test.TestListQuotesAuth" name="test_get_quotes_correct_password_returns_list" time="0.098" /><testcase classname="tests.backend_test.TestAdminLogin" name="test_admin_login_correct" time="0.104" /><testcase classname="tests.backend_test.TestAdminLogin" name="test_admin_login_wrong" time="0.141" /><testcase classname="tests.test_site_images.TestReorder" name="test_reorder_ignores_hero_or_bogus_ids" time="0.442" /><testcase classname="tests.test_site_images.TestGalleryUploadAndDelete" name="test_upload_then_get_then_delete" time="1.007" /><testcase classname="tests.test_site_images.TestGetSiteImages" name="test_get_public_no_auth" time="0.126" /><testcase classname="tests.test_site_images.TestGetSiteImages" name="test_seeded_gallery_labels_present" time="0.195" /><testcase classname="tests.test_site_images.TestGetSiteImages" name="test_why_section_seeded" time="0.096" /><testcase classname="tests.backend_test.TestHealth" name="test_root" time="0.105" /><testcase classname="tests.backend_test" name="test_zz_cleanup_test_leads" time="0.126" /><testcase classname="tests.test_site_images.TestGalleryUploadAndDelete" name="test_delete_unknown_id_returns_404" time="0.098" /><testcase classname="tests.test_site_images.TestHeroReplace" name="test_hero_upload_replaces_previous" time="0.973" /><testcase classname="tests.test_site_images.TestQuoteRegression" name="test_create_quote_still_works" time="0.292" /><testcase classname="tests.test_site_images.TestQuoteRegression" name="test_wrong_admin_password_still_401" time="0.097" /><testcase classname="tests.test_site_images.TestWhyReplace" name="test_why_upload_replaces_previous_and_restore" time="0.879" /><testcase classname="tests.test_site_images" name="test_zz_cleanup" time="0.001" /></testsuite></testsuites>