<?xml version="1.0" encoding="utf-8"?><testsuites name="pytest tests"><testsuite name="pytest" errors="0" failures="0" skipped="0" tests="27" time="4.858" timestamp="2026-07-05T23:35:37.039645+00:00" hostname="agent-env-d9544a13-3763-484e-af8b-c2aeb0746511"><testcase classname="tests.test_site_images.TestUploadAuth" name="test_upload_requires_admin_header" time="0.581" /><testcase classname="tests.backend_test.TestCreateQuote" name="test_create_quote_minimum_required" time="0.579" /><testcase classname="tests.backend_test.TestCreateQuote" name="test_create_quote_full" time="0.273" /><testcase classname="tests.test_site_images.TestUploadAuth" name="test_upload_wrong_password" time="0.273" /><testcase classname="tests.backend_test.TestCreateQuote" name="test_create_quote_bedrooms_bathrooms_persist" time="0.412" /><testcase classname="tests.test_site_images.TestUploadAuth" name="test_upload_rejects_non_image" time="0.283" /><testcase classname="tests.test_site_images.TestUploadAuth" name="test_upload_rejects_bad_section" time="0.129" /><testcase classname="tests.backend_test.TestCreateQuote" name="test_create_quote_missing_required_fails" time="0.046" /><testcase classname="tests.backend_test.TestListQuotesAuth" name="test_get_quotes_no_header" time="0.131" /><testcase classname="tests.test_site_images.TestReorder" name="test_reorder_requires_admin" time="0.114" /><testcase classname="tests.backend_test.TestListQuotesAuth" name="test_get_quotes_wrong_password" time="0.164" /><testcase classname="tests.test_site_images.TestReorder" name="test_reorder_wrong_password" time="0.134" /><testcase classname="tests.test_site_images.TestReorder" name="test_reorder_reverses_and_restores" time="0.753" /><testcase classname="tests.backend_test.TestListQuotesAuth" name="test_get_quotes_correct_password_returns_list" time="0.098" /><testcase classname="tests.backend_test.TestAdminLogin" name="test_admin_login_correct" time="0.096" /><testcase classname="tests.backend_test.TestAdminLogin" name="test_admin_login_wrong" time="0.107" /><testcase classname="tests.test_site_images.TestGalleryUploadAndDelete" name="test_upload_then_get_then_delete" time="1.108" /><testcase classname="tests.test_site_images.TestReorder" name="test_reorder_ignores_hero_or_bogus_ids" time="0.504" /><testcase classname="tests.test_site_images.TestGetSiteImages" name="test_get_public_no_auth" time="0.102" /><testcase classname="tests.test_site_images.TestGetSiteImages" name="test_seeded_gallery_labels_present" time="0.093" /><testcase classname="tests.test_site_images.TestGalleryUploadAndDelete" name="test_delete_unknown_id_returns_404" time="0.162" /><testcase classname="tests.backend_test.TestHealth" name="test_root" time="0.047" /><testcase classname="tests.backend_test" name="test_zz_cleanup_test_leads" time="0.154" /><testcase classname="tests.test_site_images.TestQuoteRegression" name="test_create_quote_still_works" time="0.442" /><testcase classname="tests.test_site_images.TestHeroReplace" name="test_hero_upload_replaces_previous" time="0.986" /><testcase classname="tests.test_site_images.TestQuoteRegression" name="test_wrong_admin_password_still_401" time="0.257" /><testcase classname="tests.test_site_images" name="test_zz_cleanup" time="0.001" /></testsuite></testsuites>