<?xml version="1.0" encoding="utf-8"?><testsuites name="pytest tests"><testsuite name="pytest" errors="0" failures="4" skipped="0" tests="48" time="141.131" timestamp="2026-07-21T03:17:00.212330+00:00" hostname="agent-env-e28e105d-bedd-45c6-bad8-782f1d891e1a"><testcase classname="tests.test_app_settings_and_pwa.TestPWA" name="test_manifest_json" time="0.158" /><testcase classname="tests.backend_test.TestCreateQuote" name="test_create_quote_minimum_required" time="0.132" /><testcase classname="tests.backend_test.TestCreateQuote" name="test_create_quote_full" time="0.046" /><testcase classname="tests.test_app_settings_and_pwa.TestPWA" name="test_service_worker" time="0.098" /><testcase classname="tests.backend_test.TestCreateQuote" name="test_create_quote_bedrooms_bathrooms_persist" time="0.170" /><testcase classname="tests.test_app_settings_and_pwa.TestPWA" name="test_icons[/icons/icon-192.png]" time="0.119" /><testcase classname="tests.backend_test.TestCreateQuote" name="test_create_quote_missing_required_fails" time="0.056" /><testcase classname="tests.test_app_settings_and_pwa.TestPWA" name="test_icons[/icons/icon-512.png]" time="0.128" /><testcase classname="tests.test_app_settings_and_pwa.TestAppSettingsPut" name="test_put_no_password_401" time="0.108" /><testcase classname="tests.test_app_settings_and_pwa.TestPWA" name="test_icons[/icons/icon-maskable-512.png]" time="0.129" /><testcase classname="tests.test_app_settings_and_pwa.TestAppSettingsPut" name="test_put_wrong_password_401" time="0.119" /><testcase classname="tests.test_app_settings_and_pwa.TestAppSettingsPut" name="test_put_update_then_restore" time="0.348" /><testcase classname="tests.test_app_settings_and_pwa.TestPWA" name="test_icons[/icons/apple-touch-icon.png]" time="0.115" /><testcase classname="tests.test_app_settings_and_pwa.TestPWA" name="test_index_html_has_pwa_tags" time="0.516" /><testcase classname="tests.test_app_settings_and_pwa.TestAppSettingsPut" name="test_put_hours_update_then_restore" time="0.216" /><testcase classname="tests.test_site_images.TestUploadAuth" name="test_upload_requires_admin_header" time="0.152" /><testcase classname="tests.test_app_settings_and_pwa.TestAppImageFit" name="test_get_includes_fit_field_default_cover" time="0.130" /><testcase classname="tests.test_site_images.TestUploadAuth" name="test_upload_wrong_password" time="0.127" /><testcase classname="tests.test_app_settings_and_pwa.TestAppImageFit" name="test_patch_fit_wrong_password_401" time="0.233" /><testcase classname="tests.test_site_images.TestUploadAuth" name="test_upload_rejects_non_image" time="0.108" /><testcase classname="tests.test_site_images.TestUploadAuth" name="test_upload_rejects_bad_section" time="0.205" /><testcase classname="tests.test_app_settings_and_pwa.TestAppImageFit" name="test_patch_fit_invalid_value_400" time="0.217" /><testcase classname="tests.test_site_images.TestReorder" name="test_reorder_requires_admin" time="0.103" /><testcase classname="tests.test_app_settings_and_pwa.TestAppImageFit" name="test_patch_fit_toggle_and_restore" time="0.448" /><testcase classname="tests.test_site_images.TestReorder" name="test_reorder_wrong_password" time="0.107" /><testcase classname="tests.test_site_images.TestReorder" name="test_reorder_reverses_and_restores" time="0.609" /><testcase classname="tests.backend_test.TestListQuotesAuth" name="test_get_quotes_no_header" time="0.137" /><testcase classname="tests.backend_test.TestListQuotesAuth" name="test_get_quotes_wrong_password" time="0.109" /><testcase classname="tests.backend_test.TestListQuotesAuth" name="test_get_quotes_correct_password_returns_list" time="0.096" /><testcase classname="tests.test_site_images.TestReorder" name="test_reorder_ignores_hero_or_bogus_ids" time="0.358" /><testcase classname="tests.test_site_images.TestGetSiteImages" name="test_get_public_no_auth" time="0.140"><failure message="assert None is not None">tests/test_site_images.py:48: in test_get_public_no_auth
    assert data["hero"] is not None
E   assert None is not None</failure></testcase><testcase classname="tests.test_site_images.TestGetSiteImages" name="test_seeded_gallery_labels_present" time="0.111" /><testcase classname="tests.test_site_images.TestGetSiteImages" name="test_why_section_seeded" time="0.109"><failure message="AssertionError: Expected 'why' object in site-images response&#10;assert None is not None">tests/test_site_images.py:71: in test_why_section_seeded
    assert data["why"] is not None, "Expected 'why' object in site-images response"
E   AssertionError: Expected 'why' object in site-images response
E   assert None is not None</failure></testcase><testcase classname="tests.test_app_settings_and_pwa.TestAppSettingsLogo" name="test_logo_upload_and_reset" time="36.653" /><testcase classname="tests.backend_test.TestAdminLogin" name="test_admin_login_correct" time="0.226" /><testcase classname="tests.backend_test.TestAdminLogin" name="test_admin_login_wrong" time="0.100" /><testcase classname="tests.test_site_images.TestGalleryUploadAndDelete" name="test_upload_then_get_then_delete" time="137.096" /><testcase classname="tests.test_app_settings_and_pwa.TestAppSettingsLogo" name="test_logo_upload_wrong_password" time="20.921" /><testcase classname="tests.test_app_settings_and_pwa.TestAppSettingsLogo" name="test_logo_delete_wrong_password" time="0.163" /><testcase classname="tests.backend_test.TestHealth" name="test_root" time="0.050" /><testcase classname="tests.backend_test" name="test_zz_cleanup_test_leads" time="0.104" /><testcase classname="tests.test_app_settings_and_pwa.TestAppSettingsGet" name="test_get_returns_defaults_and_computed_fields" time="0.112" /><testcase classname="tests.test_site_images.TestHeroReplace" name="test_hero_upload_replaces_previous" time="0.069"><failure message="pymongo.errors.InvalidURI: Invalid URI scheme: URI must begin with 'mongodb://' or 'mongodb+srv://'">tests/test_site_images.py:179: in test_hero_upload_replaces_previous
    mongo = MongoClient(os.environ.get("MONGO_URL", "mongodb://localhost:27017"))
            ^^^^^^^^^^^^^^^^^^^^^^^^^^^^^^^^^^^^^^^^^^^^^^^^^^^^^^^^^^^^^^^^^^^^^
/root/.venv/lib/python3.11/site-packages/pymongo/mongo_client.py:771: in __init__
    res = uri_parser.parse_uri(
/root/.venv/lib/python3.11/site-packages/pymongo/uri_parser.py:497: in parse_uri
    raise InvalidURI(f"Invalid URI scheme: URI must begin with '{SCHEME}' or '{SRV_SCHEME}'")
E   pymongo.errors.InvalidURI: Invalid URI scheme: URI must begin with 'mongodb://' or 'mongodb+srv://'</failure></testcase><testcase classname="tests.test_site_images.TestWhyReplace" name="test_why_upload_replaces_previous_and_restore" time="0.000"><failure message="pymongo.errors.InvalidURI: Invalid URI scheme: URI must begin with 'mongodb://' or 'mongodb+srv://'">tests/test_site_images.py:224: in test_why_upload_replaces_previous_and_restore
    mongo = MongoClient(os.environ.get("MONGO_URL", "mongodb://localhost:27017"))
            ^^^^^^^^^^^^^^^^^^^^^^^^^^^^^^^^^^^^^^^^^^^^^^^^^^^^^^^^^^^^^^^^^^^^^
/root/.venv/lib/python3.11/site-packages/pymongo/mongo_client.py:771: in __init__
    res = uri_parser.parse_uri(
/root/.venv/lib/python3.11/site-packages/pymongo/uri_parser.py:497: in parse_uri
    raise InvalidURI(f"Invalid URI scheme: URI must begin with '{SCHEME}' or '{SRV_SCHEME}'")
E   pymongo.errors.InvalidURI: Invalid URI scheme: URI must begin with 'mongodb://' or 'mongodb+srv://'</failure></testcase><testcase classname="tests.test_site_images" name="test_zz_cleanup" time="0.001" /><testcase classname="tests.test_site_images.TestGalleryUploadAndDelete" name="test_delete_unknown_id_returns_404" time="0.103" /><testcase classname="tests.test_site_images.TestQuoteRegression" name="test_create_quote_still_works" time="0.107" /><testcase classname="tests.test_site_images.TestQuoteRegression" name="test_wrong_admin_password_still_401" time="0.118" /></testsuite></testsuites>